e:\软院新开始\数据库学习资料\项目\project\beetledb-master\debug\beetledb.lib
e:\软院新开始\数据库学习资料\项目\project\beetledb-master\debug\beetledb.exp
e:\软院新开始\数据库学习资料\项目\project\beetledb-master\beetledb\debug\vc120.pdb
e:\软院新开始\数据库学习资料\项目\project\beetledb-master\beetledb\debug\vc120.idb
e:\软院新开始\数据库学习资料\项目\project\beetledb-master\beetledb\debug\api.obj
e:\软院新开始\数据库学习资料\项目\project\beetledb-master\beetledb\debug\blockhandle.obj
e:\软院新开始\数据库学习资料\项目\project\beetledb-master\beetledb\debug\blockinfo.obj
e:\软院新开始\数据库学习资料\项目\project\beetledb-master\beetledb\debug\bplustree.obj
e:\软院新开始\数据库学习资料\项目\project\beetledb-master\beetledb\debug\buffermanager.obj
e:\软院新开始\数据库学习资料\项目\project\beetledb-master\beetledb\debug\catalogmanager.obj
e:\软院新开始\数据库学习资料\项目\project\beetledb-master\beetledb\debug\exceptions.obj
e:\软院新开始\数据库学习资料\项目\project\beetledb-master\beetledb\debug\filehandle.obj
e:\软院新开始\数据库学习资料\项目\project\beetledb-master\beetledb\debug\fileinfo.obj
e:\软院新开始\数据库学习资料\项目\project\beetledb-master\beetledb\debug\indexmanager.obj
e:\软院新开始\数据库学习资料\项目\project\beetledb-master\beetledb\debug\interpreter.obj
e:\软院新开始\数据库学习资料\项目\project\beetledb-master\beetledb\debug\main.obj
e:\软院新开始\数据库学习资料\项目\project\beetledb-master\beetledb\debug\recordmanager.obj
e:\软院新开始\数据库学习资料\项目\project\beetledb-master\beetledb\debug\sqlstatement.obj
e:\软院新开始\数据库学习资料\项目\project\beetledb-master\debug\beetledb.ilk
e:\软院新开始\数据库学习资料\项目\project\beetledb-master\debug\beetledb.exe
e:\软院新开始\数据库学习资料\项目\project\beetledb-master\debug\beetledb.pdb
e:\软院新开始\数据库学习资料\项目\project\beetledb-master\beetledb\debug\beetledb.tlog\beetledb.write.1u.tlog
e:\软院新开始\数据库学习资料\项目\project\beetledb-master\beetledb\debug\beetledb.tlog\cl.command.1.tlog
e:\软院新开始\数据库学习资料\项目\project\beetledb-master\beetledb\debug\beetledb.tlog\cl.read.1.tlog
e:\软院新开始\数据库学习资料\项目\project\beetledb-master\beetledb\debug\beetledb.tlog\cl.write.1.tlog
e:\软院新开始\数据库学习资料\项目\project\beetledb-master\beetledb\debug\beetledb.tlog\link.command.1.tlog
e:\软院新开始\数据库学习资料\项目\project\beetledb-master\beetledb\debug\beetledb.tlog\link.read.1.tlog
e:\软院新开始\数据库学习资料\项目\project\beetledb-master\beetledb\debug\beetledb.tlog\link.write.1.tlog
