  SQLStatement.cpp
d:\用户目录\documents\github\databaseproject\beetledb\sqlstatement.cpp(505): warning C4244: “初始化”: 从“double”转换到“float”，可能丢失数据
d:\用户目录\documents\github\databaseproject\beetledb\sqlstatement.cpp(527): warning C4244: “初始化”: 从“double”转换到“float”，可能丢失数据
  RecordManager.cpp
d:\用户目录\documents\github\databaseproject\beetledb\recordmanager.cpp(32): warning C4018: “<”: 有符号/无符号不匹配
d:\用户目录\documents\github\databaseproject\beetledb\recordmanager.cpp(104): warning C4018: “<”: 有符号/无符号不匹配
d:\用户目录\documents\github\databaseproject\beetledb\recordmanager.cpp(174): warning C4018: “<”: 有符号/无符号不匹配
d:\用户目录\documents\github\databaseproject\beetledb\recordmanager.cpp(200): warning C4018: “<”: 有符号/无符号不匹配
d:\用户目录\documents\github\databaseproject\beetledb\recordmanager.cpp(203): warning C4018: “<”: 有符号/无符号不匹配
d:\用户目录\documents\github\databaseproject\beetledb\recordmanager.cpp(227): warning C4018: “<”: 有符号/无符号不匹配
d:\用户目录\documents\github\databaseproject\beetledb\recordmanager.cpp(264): warning C4018: “<”: 有符号/无符号不匹配
d:\用户目录\documents\github\databaseproject\beetledb\recordmanager.cpp(280): warning C4018: “<”: 有符号/无符号不匹配
d:\用户目录\documents\github\databaseproject\beetledb\recordmanager.cpp(335): warning C4018: “<”: 有符号/无符号不匹配
d:\用户目录\documents\github\databaseproject\beetledb\recordmanager.cpp(338): warning C4018: “<”: 有符号/无符号不匹配
d:\用户目录\documents\github\databaseproject\beetledb\recordmanager.cpp(361): warning C4018: “<”: 有符号/无符号不匹配
d:\用户目录\documents\github\databaseproject\beetledb\recordmanager.cpp(373): warning C4018: “<”: 有符号/无符号不匹配
d:\用户目录\documents\github\databaseproject\beetledb\recordmanager.cpp(408): warning C4018: “<”: 有符号/无符号不匹配
d:\用户目录\documents\github\databaseproject\beetledb\recordmanager.cpp(434): warning C4018: “<”: 有符号/无符号不匹配
d:\用户目录\documents\github\databaseproject\beetledb\recordmanager.cpp(441): warning C4018: “<”: 有符号/无符号不匹配
d:\用户目录\documents\github\databaseproject\beetledb\recordmanager.cpp(486): warning C4018: “<”: 有符号/无符号不匹配
d:\用户目录\documents\github\databaseproject\beetledb\recordmanager.cpp(498): warning C4018: “<”: 有符号/无符号不匹配
d:\用户目录\documents\github\databaseproject\beetledb\recordmanager.cpp(513): warning C4018: “<”: 有符号/无符号不匹配
d:\用户目录\documents\github\databaseproject\beetledb\recordmanager.cpp(541): warning C4018: “<”: 有符号/无符号不匹配
d:\用户目录\documents\github\databaseproject\beetledb\recordmanager.cpp(599): warning C4018: “<”: 有符号/无符号不匹配
d:\用户目录\documents\github\databaseproject\beetledb\recordmanager.cpp(612): warning C4018: “<”: 有符号/无符号不匹配
  main.cpp
  Interpreter.cpp
d:\用户目录\documents\github\databaseproject\beetledb\interpreter.cpp(240): warning C4244: “参数”: 从“std::streamoff”转换到“unsigned int”，可能丢失数据
d:\用户目录\documents\github\databaseproject\beetledb\interpreter.cpp(277): warning C4101: “e”: 未引用的局部变量
d:\用户目录\documents\github\databaseproject\beetledb\interpreter.cpp(278): warning C4101: “e”: 未引用的局部变量
d:\用户目录\documents\github\databaseproject\beetledb\interpreter.cpp(279): warning C4101: “e”: 未引用的局部变量
d:\用户目录\documents\github\databaseproject\beetledb\interpreter.cpp(280): warning C4101: “e”: 未引用的局部变量
d:\用户目录\documents\github\databaseproject\beetledb\interpreter.cpp(281): warning C4101: “e”: 未引用的局部变量
d:\用户目录\documents\github\databaseproject\beetledb\interpreter.cpp(282): warning C4101: “e”: 未引用的局部变量
d:\用户目录\documents\github\databaseproject\beetledb\interpreter.cpp(283): warning C4101: “e”: 未引用的局部变量
d:\用户目录\documents\github\databaseproject\beetledb\interpreter.cpp(284): warning C4101: “e”: 未引用的局部变量
d:\用户目录\documents\github\databaseproject\beetledb\interpreter.cpp(285): warning C4101: “e”: 未引用的局部变量
d:\用户目录\documents\github\databaseproject\beetledb\interpreter.cpp(286): warning C4101: “e”: 未引用的局部变量
d:\用户目录\documents\github\databaseproject\beetledb\interpreter.cpp(287): warning C4101: “e”: 未引用的局部变量
d:\用户目录\documents\github\databaseproject\beetledb\interpreter.cpp(288): warning C4101: “e”: 未引用的局部变量
  IndexManager.cpp
  FileInfo.cpp
  FileHandle.cpp
  Exceptions.cpp
  CatalogManager.cpp
d:\用户目录\documents\github\databaseproject\beetledb\catalogmanager.cpp(63): warning C4018: “<”: 有符号/无符号不匹配
  BufferManager.cpp
  BPlusTree.cpp
  BlockInfo.cpp
  BlockHandle.cpp
  API.cpp
  正在生成代码...
     正在创建库 D:\用户目录\Documents\GitHub\DataBaseProject\Debug\BeetleDB.lib 和对象 D:\用户目录\Documents\GitHub\DataBaseProject\Debug\BeetleDB.exp
  BeetleDB.vcxproj -> D:\用户目录\Documents\GitHub\DataBaseProject\Debug\BeetleDB.exe
